env: node: No such file or directory
env: node: No such file or directory
env: node: No such file or directory
env: node: No such file or directory
env: node: No such file or directory
env: node: No such file or directory
env: node: No such file or directory
env: node: No such file or directory
env: node: No such file or directory
env: node: No such file or directory
env: node: No such file or directory
env: node: No such file or directory
env: node: No such file or directory
env: node: No such file or directory
env: node: No such file or directory
env: node: No such file or directory
env: node: No such file or directory
env: node: No such file or directory
env: node: No such file or directory
env: node: No such file or directory
env: node: No such file or directory
env: node: No such file or directory
env: node: No such file or directory
env: node: No such file or directory
env: node: No such file or directory
env: node: No such file or directory
env: node: No such file or directory
env: node: No such file or directory
env: node: No such file or directory
env: node: No such file or directory
env: node: No such file or directory
env: node: No such file or directory
env: node: No such file or directory
env: node: No such file or directory
env: node: No such file or directory
env: node: No such file or directory
env: node: No such file or directory
env: node: No such file or directory
env: node: No such file or directory
env: node: No such file or directory
env: node: No such file or directory
env: node: No such file or directory
env: node: No such file or directory
env: node: No such file or directory
env: node: No such file or directory
env: node: No such file or directory
env: node: No such file or directory
env: node: No such file or directory
env: node: No such file or directory
env: node: No such file or directory
env: node: No such file or directory
env: node: No such file or directory
env: node: No such file or directory
env: node: No such file or directory
env: node: No such file or directory
env: node: No such file or directory
env: node: No such file or directory
env: node: No such file or directory
env: node: No such file or directory
env: node: No such file or directory
env: node: No such file or directory
env: node: No such file or directory
env: node: No such file or directory
env: node: No such file or directory
env: node: No such file or directory
env: node: No such file or directory
env: node: No such file or directory
env: node: No such file or directory
env: node: No such file or directory
env: node: No such file or directory
env: node: No such file or directory
env: node: No such file or directory
env: node: No such file or directory
env: node: No such file or directory
env: node: No such file or directory
env: node: No such file or directory
env: node: No such file or directory
env: node: No such file or directory
env: node: No such file or directory
env: node: No such file or directory
env: node: No such file or directory
env: node: No such file or directory
env: node: No such file or directory
env: node: No such file or directory
env: node: No such file or directory
env: node: No such file or directory
env: node: No such file or directory
env: node: No such file or directory
env: node: No such file or directory
env: node: No such file or directory
env: node: No such file or directory
env: node: No such file or directory
env: node: No such file or directory
env: node: No such file or directory
env: node: No such file or directory
env: node: No such file or directory
env: node: No such file or directory
env: node: No such file or directory
env: node: No such file or directory
env: node: No such file or directory
env: node: No such file or directory
env: node: No such file or directory
env: node: No such file or directory
env: node: No such file or directory
env: node: No such file or directory
env: node: No such file or directory
env: node: No such file or directory
env: node: No such file or directory
env: node: No such file or directory
env: node: No such file or directory
env: node: No such file or directory
env: node: No such file or directory
env: node: No such file or directory
env: node: No such file or directory
env: node: No such file or directory
env: node: No such file or directory
env: node: No such file or directory
env: node: No such file or directory
env: node: No such file or directory
env: node: No such file or directory
env: node: No such file or directory
env: node: No such file or directory
env: node: No such file or directory
env: node: No such file or directory
env: node: No such file or directory
env: node: No such file or directory
env: node: No such file or directory
env: node: No such file or directory
env: node: No such file or directory
env: node: No such file or directory
env: node: No such file or directory
env: node: No such file or directory
env: node: No such file or directory
env: node: No such file or directory
env: node: No such file or directory
env: node: No such file or directory
env: node: No such file or directory
env: node: No such file or directory
env: node: No such file or directory
env: node: No such file or directory
env: node: No such file or directory
env: node: No such file or directory
env: node: No such file or directory
env: node: No such file or directory
env: node: No such file or directory
env: node: No such file or directory
env: node: No such file or directory
env: node: No such file or directory
env: node: No such file or directory
env: node: No such file or directory
env: node: No such file or directory
env: node: No such file or directory
env: node: No such file or directory
env: node: No such file or directory
env: node: No such file or directory
env: node: No such file or directory
env: node: No such file or directory
env: node: No such file or directory
env: node: No such file or directory
env: node: No such file or directory
env: node: No such file or directory
env: node: No such file or directory
env: node: No such file or directory
env: node: No such file or directory
env: node: No such file or directory
env: node: No such file or directory
env: node: No such file or directory
env: node: No such file or directory
env: node: No such file or directory
env: node: No such file or directory
env: node: No such file or directory
env: node: No such file or directory
env: node: No such file or directory
env: node: No such file or directory
env: node: No such file or directory
env: node: No such file or directory
env: node: No such file or directory
env: node: No such file or directory
env: node: No such file or directory
env: node: No such file or directory
env: node: No such file or directory
env: node: No such file or directory
env: node: No such file or directory
env: node: No such file or directory
env: node: No such file or directory
env: node: No such file or directory
env: node: No such file or directory
env: node: No such file or directory
env: node: No such file or directory
env: node: No such file or directory
env: node: No such file or directory
env: node: No such file or directory
env: node: No such file or directory
env: node: No such file or directory
env: node: No such file or directory
env: node: No such file or directory
env: node: No such file or directory
env: node: No such file or directory
env: node: No such file or directory
env: node: No such file or directory
env: node: No such file or directory
env: node: No such file or directory
env: node: No such file or directory
env: node: No such file or directory
env: node: No such file or directory
env: node: No such file or directory
env: node: No such file or directory
env: node: No such file or directory
env: node: No such file or directory
env: node: No such file or directory
env: node: No such file or directory
env: node: No such file or directory
env: node: No such file or directory
env: node: No such file or directory
env: node: No such file or directory
env: node: No such file or directory
env: node: No such file or directory
env: node: No such file or directory
env: node: No such file or directory
env: node: No such file or directory
env: node: No such file or directory
env: node: No such file or directory
env: node: No such file or directory
env: node: No such file or directory
env: node: No such file or directory
env: node: No such file or directory
env: node: No such file or directory
env: node: No such file or directory
env: node: No such file or directory
env: node: No such file or directory
env: node: No such file or directory
env: node: No such file or directory
env: node: No such file or directory
env: node: No such file or directory
env: node: No such file or directory
env: node: No such file or directory
env: node: No such file or directory
env: node: No such file or directory
env: node: No such file or directory
env: node: No such file or directory
env: node: No such file or directory
env: node: No such file or directory
env: node: No such file or directory
env: node: No such file or directory
env: node: No such file or directory
env: node: No such file or directory
env: node: No such file or directory
env: node: No such file or directory
env: node: No such file or directory
env: node: No such file or directory
env: node: No such file or directory
env: node: No such file or directory
env: node: No such file or directory
env: node: No such file or directory
env: node: No such file or directory
env: node: No such file or directory
env: node: No such file or directory
env: node: No such file or directory
env: node: No such file or directory
env: node: No such file or directory
env: node: No such file or directory
env: node: No such file or directory
env: node: No such file or directory
env: node: No such file or directory
env: node: No such file or directory
env: node: No such file or directory
env: node: No such file or directory
env: node: No such file or directory
env: node: No such file or directory
env: node: No such file or directory
env: node: No such file or directory
env: node: No such file or directory
env: node: No such file or directory
env: node: No such file or directory
env: node: No such file or directory
env: node: No such file or directory
env: node: No such file or directory
env: node: No such file or directory
env: node: No such file or directory
env: node: No such file or directory
env: node: No such file or directory
env: node: No such file or directory
env: node: No such file or directory
env: node: No such file or directory
env: node: No such file or directory
env: node: No such file or directory
env: node: No such file or directory
env: node: No such file or directory
env: node: No such file or directory
env: node: No such file or directory
env: node: No such file or directory
env: node: No such file or directory
env: node: No such file or directory
env: node: No such file or directory
env: node: No such file or directory
env: node: No such file or directory
env: node: No such file or directory
env: node: No such file or directory
env: node: No such file or directory
env: node: No such file or directory
env: node: No such file or directory
env: node: No such file or directory
env: node: No such file or directory
env: node: No such file or directory
env: node: No such file or directory
env: node: No such file or directory
env: node: No such file or directory
env: node: No such file or directory
env: node: No such file or directory
env: node: No such file or directory
env: node: No such file or directory
env: node: No such file or directory
env: node: No such file or directory
env: node: No such file or directory
env: node: No such file or directory
env: node: No such file or directory
env: node: No such file or directory
env: node: No such file or directory
env: node: No such file or directory
env: node: No such file or directory
env: node: No such file or directory
env: node: No such file or directory
env: node: No such file or directory
env: node: No such file or directory
env: node: No such file or directory
env: node: No such file or directory
env: node: No such file or directory
env: node: No such file or directory
env: node: No such file or directory
env: node: No such file or directory
env: node: No such file or directory
env: node: No such file or directory
env: node: No such file or directory
env: node: No such file or directory
env: node: No such file or directory
env: node: No such file or directory
env: node: No such file or directory
env: node: No such file or directory
env: node: No such file or directory
env: node: No such file or directory
env: node: No such file or directory
env: node: No such file or directory
env: node: No such file or directory
env: node: No such file or directory
env: node: No such file or directory
env: node: No such file or directory
env: node: No such file or directory
env: node: No such file or directory
env: node: No such file or directory
env: node: No such file or directory
env: node: No such file or directory
env: node: No such file or directory
env: node: No such file or directory
env: node: No such file or directory
env: node: No such file or directory
env: node: No such file or directory
env: node: No such file or directory
env: node: No such file or directory
env: node: No such file or directory
env: node: No such file or directory
env: node: No such file or directory
env: node: No such file or directory
env: node: No such file or directory
env: node: No such file or directory
env: node: No such file or directory
env: node: No such file or directory
env: node: No such file or directory
env: node: No such file or directory
env: node: No such file or directory
env: node: No such file or directory
env: node: No such file or directory
env: node: No such file or directory
env: node: No such file or directory
env: node: No such file or directory
env: node: No such file or directory
env: node: No such file or directory
env: node: No such file or directory
env: node: No such file or directory
env: node: No such file or directory
env: node: No such file or directory
env: node: No such file or directory
env: node: No such file or directory
env: node: No such file or directory
env: node: No such file or directory
env: node: No such file or directory
env: node: No such file or directory
env: node: No such file or directory
env: node: No such file or directory
env: node: No such file or directory
env: node: No such file or directory
env: node: No such file or directory
env: node: No such file or directory
env: node: No such file or directory
env: node: No such file or directory
env: node: No such file or directory
env: node: No such file or directory
env: node: No such file or directory
env: node: No such file or directory
env: node: No such file or directory
env: node: No such file or directory
env: node: No such file or directory
env: node: No such file or directory
env: node: No such file or directory
env: node: No such file or directory
env: node: No such file or directory
env: node: No such file or directory
env: node: No such file or directory
env: node: No such file or directory
env: node: No such file or directory
env: node: No such file or directory
env: node: No such file or directory
env: node: No such file or directory
env: node: No such file or directory
env: node: No such file or directory
env: node: No such file or directory
env: node: No such file or directory
env: node: No such file or directory
env: node: No such file or directory
env: node: No such file or directory
env: node: No such file or directory
env: node: No such file or directory
env: node: No such file or directory
env: node: No such file or directory
env: node: No such file or directory
env: node: No such file or directory
env: node: No such file or directory
env: node: No such file or directory
env: node: No such file or directory
env: node: No such file or directory
env: node: No such file or directory
env: node: No such file or directory
env: node: No such file or directory
env: node: No such file or directory
env: node: No such file or directory
env: node: No such file or directory
env: node: No such file or directory
env: node: No such file or directory
env: node: No such file or directory
env: node: No such file or directory
env: node: No such file or directory
env: node: No such file or directory
env: node: No such file or directory
env: node: No such file or directory
env: node: No such file or directory
env: node: No such file or directory
env: node: No such file or directory
env: node: No such file or directory
env: node: No such file or directory
env: node: No such file or directory
env: node: No such file or directory
env: node: No such file or directory
env: node: No such file or directory
env: node: No such file or directory
env: node: No such file or directory
env: node: No such file or directory
env: node: No such file or directory
env: node: No such file or directory
env: node: No such file or directory
env: node: No such file or directory
env: node: No such file or directory
env: node: No such file or directory
env: node: No such file or directory
env: node: No such file or directory
env: node: No such file or directory
env: node: No such file or directory
env: node: No such file or directory
env: node: No such file or directory
env: node: No such file or directory
env: node: No such file or directory
env: node: No such file or directory
env: node: No such file or directory
env: node: No such file or directory
env: node: No such file or directory
env: node: No such file or directory
env: node: No such file or directory
env: node: No such file or directory
env: node: No such file or directory
env: node: No such file or directory
env: node: No such file or directory
env: node: No such file or directory
env: node: No such file or directory
env: node: No such file or directory
env: node: No such file or directory
env: node: No such file or directory
env: node: No such file or directory
env: node: No such file or directory
env: node: No such file or directory
env: node: No such file or directory
env: node: No such file or directory
env: node: No such file or directory
env: node: No such file or directory
env: node: No such file or directory
env: node: No such file or directory
env: node: No such file or directory
env: node: No such file or directory
env: node: No such file or directory
env: node: No such file or directory
env: node: No such file or directory
env: node: No such file or directory
env: node: No such file or directory
env: node: No such file or directory
env: node: No such file or directory
env: node: No such file or directory
env: node: No such file or directory
env: node: No such file or directory
env: node: No such file or directory
env: node: No such file or directory
env: node: No such file or directory
env: node: No such file or directory
env: node: No such file or directory
env: node: No such file or directory
env: node: No such file or directory
env: node: No such file or directory
env: node: No such file or directory
env: node: No such file or directory
env: node: No such file or directory
env: node: No such file or directory
env: node: No such file or directory
env: node: No such file or directory
env: node: No such file or directory
env: node: No such file or directory
env: node: No such file or directory
env: node: No such file or directory
env: node: No such file or directory
env: node: No such file or directory
env: node: No such file or directory
env: node: No such file or directory
env: node: No such file or directory
env: node: No such file or directory
env: node: No such file or directory
env: node: No such file or directory
env: node: No such file or directory
env: node: No such file or directory
env: node: No such file or directory
env: node: No such file or directory
env: node: No such file or directory
env: node: No such file or directory
env: node: No such file or directory
env: node: No such file or directory
env: node: No such file or directory
env: node: No such file or directory
env: node: No such file or directory
env: node: No such file or directory
env: node: No such file or directory
env: node: No such file or directory
env: node: No such file or directory
env: node: No such file or directory
env: node: No such file or directory
env: node: No such file or directory
env: node: No such file or directory
env: node: No such file or directory
env: node: No such file or directory
env: node: No such file or directory
env: node: No such file or directory
env: node: No such file or directory
env: node: No such file or directory
env: node: No such file or directory
env: node: No such file or directory
env: node: No such file or directory
env: node: No such file or directory
env: node: No such file or directory
env: node: No such file or directory
env: node: No such file or directory
env: node: No such file or directory
env: node: No such file or directory
env: node: No such file or directory
env: node: No such file or directory
env: node: No such file or directory
env: node: No such file or directory
env: node: No such file or directory
env: node: No such file or directory
env: node: No such file or directory
env: node: No such file or directory
env: node: No such file or directory
env: node: No such file or directory
env: node: No such file or directory
env: node: No such file or directory
env: node: No such file or directory
env: node: No such file or directory
env: node: No such file or directory
env: node: No such file or directory
env: node: No such file or directory
env: node: No such file or directory
env: node: No such file or directory
env: node: No such file or directory
env: node: No such file or directory
env: node: No such file or directory
env: node: No such file or directory
env: node: No such file or directory
env: node: No such file or directory
env: node: No such file or directory
env: node: No such file or directory
env: node: No such file or directory
env: node: No such file or directory
env: node: No such file or directory
env: node: No such file or directory
env: node: No such file or directory
env: node: No such file or directory
env: node: No such file or directory
env: node: No such file or directory
env: node: No such file or directory
env: node: No such file or directory
env: node: No such file or directory
env: node: No such file or directory
env: node: No such file or directory
env: node: No such file or directory
env: node: No such file or directory
env: node: No such file or directory
env: node: No such file or directory
env: node: No such file or directory
env: node: No such file or directory
env: node: No such file or directory
env: node: No such file or directory
env: node: No such file or directory
env: node: No such file or directory
env: node: No such file or directory
env: node: No such file or directory
env: node: No such file or directory
env: node: No such file or directory
env: node: No such file or directory
env: node: No such file or directory
env: node: No such file or directory
env: node: No such file or directory
env: node: No such file or directory
env: node: No such file or directory
env: node: No such file or directory
env: node: No such file or directory
env: node: No such file or directory
env: node: No such file or directory
env: node: No such file or directory
env: node: No such file or directory
env: node: No such file or directory
env: node: No such file or directory
env: node: No such file or directory
env: node: No such file or directory
env: node: No such file or directory
env: node: No such file or directory
env: node: No such file or directory
env: node: No such file or directory
env: node: No such file or directory
env: node: No such file or directory
env: node: No such file or directory
env: node: No such file or directory
env: node: No such file or directory
env: node: No such file or directory
env: node: No such file or directory
env: node: No such file or directory
env: node: No such file or directory
env: node: No such file or directory
env: node: No such file or directory
env: node: No such file or directory
env: node: No such file or directory
env: node: No such file or directory
env: node: No such file or directory
env: node: No such file or directory
env: node: No such file or directory
env: node: No such file or directory
env: node: No such file or directory
env: node: No such file or directory
env: node: No such file or directory
env: node: No such file or directory
env: node: No such file or directory
env: node: No such file or directory
env: node: No such file or directory
env: node: No such file or directory
env: node: No such file or directory
env: node: No such file or directory
env: node: No such file or directory
env: node: No such file or directory
env: node: No such file or directory
env: node: No such file or directory
env: node: No such file or directory
env: node: No such file or directory
env: node: No such file or directory
env: node: No such file or directory
env: node: No such file or directory
env: node: No such file or directory
env: node: No such file or directory
env: node: No such file or directory
env: node: No such file or directory
env: node: No such file or directory
env: node: No such file or directory
env: node: No such file or directory
env: node: No such file or directory
env: node: No such file or directory
env: node: No such file or directory
env: node: No such file or directory
env: node: No such file or directory
env: node: No such file or directory
env: node: No such file or directory
env: node: No such file or directory
env: node: No such file or directory
env: node: No such file or directory
env: node: No such file or directory
env: node: No such file or directory
env: node: No such file or directory
env: node: No such file or directory
env: node: No such file or directory
env: node: No such file or directory
env: node: No such file or directory
env: node: No such file or directory
env: node: No such file or directory
env: node: No such file or directory
env: node: No such file or directory
env: node: No such file or directory
env: node: No such file or directory
env: node: No such file or directory
env: node: No such file or directory
env: node: No such file or directory
env: node: No such file or directory
env: node: No such file or directory
env: node: No such file or directory
env: node: No such file or directory
env: node: No such file or directory
env: node: No such file or directory
env: node: No such file or directory
env: node: No such file or directory
env: node: No such file or directory
env: node: No such file or directory
env: node: No such file or directory
env: node: No such file or directory
env: node: No such file or directory
env: node: No such file or directory
env: node: No such file or directory
env: node: No such file or directory
env: node: No such file or directory
env: node: No such file or directory
env: node: No such file or directory
env: node: No such file or directory
env: node: No such file or directory
env: node: No such file or directory
env: node: No such file or directory
env: node: No such file or directory
env: node: No such file or directory
env: node: No such file or directory
env: node: No such file or directory
env: node: No such file or directory
env: node: No such file or directory
env: node: No such file or directory
env: node: No such file or directory
env: node: No such file or directory
env: node: No such file or directory
env: node: No such file or directory
env: node: No such file or directory
env: node: No such file or directory
env: node: No such file or directory
env: node: No such file or directory
env: node: No such file or directory
env: node: No such file or directory
env: node: No such file or directory
env: node: No such file or directory
env: node: No such file or directory
env: node: No such file or directory
env: node: No such file or directory
env: node: No such file or directory
env: node: No such file or directory
env: node: No such file or directory
env: node: No such file or directory
env: node: No such file or directory
env: node: No such file or directory
env: node: No such file or directory
env: node: No such file or directory
env: node: No such file or directory
env: node: No such file or directory
env: node: No such file or directory
env: node: No such file or directory
env: node: No such file or directory
env: node: No such file or directory
env: node: No such file or directory
env: node: No such file or directory
env: node: No such file or directory
env: node: No such file or directory
env: node: No such file or directory
env: node: No such file or directory
env: node: No such file or directory
env: node: No such file or directory
env: node: No such file or directory
env: node: No such file or directory
env: node: No such file or directory
env: node: No such file or directory
env: node: No such file or directory
env: node: No such file or directory
env: node: No such file or directory
env: node: No such file or directory
env: node: No such file or directory
env: node: No such file or directory
env: node: No such file or directory
env: node: No such file or directory
env: node: No such file or directory
env: node: No such file or directory
env: node: No such file or directory
env: node: No such file or directory
env: node: No such file or directory
env: node: No such file or directory
env: node: No such file or directory
env: node: No such file or directory
env: node: No such file or directory
env: node: No such file or directory
env: node: No such file or directory
env: node: No such file or directory
env: node: No such file or directory
env: node: No such file or directory
env: node: No such file or directory
env: node: No such file or directory
env: node: No such file or directory
env: node: No such file or directory
env: node: No such file or directory
env: node: No such file or directory
env: node: No such file or directory
env: node: No such file or directory
env: node: No such file or directory
env: node: No such file or directory
env: node: No such file or directory
env: node: No such file or directory
env: node: No such file or directory
env: node: No such file or directory
env: node: No such file or directory
env: node: No such file or directory
env: node: No such file or directory
env: node: No such file or directory
env: node: No such file or directory
env: node: No such file or directory
env: node: No such file or directory
env: node: No such file or directory
env: node: No such file or directory
env: node: No such file or directory
env: node: No such file or directory
env: node: No such file or directory
env: node: No such file or directory
env: node: No such file or directory
env: node: No such file or directory
env: node: No such file or directory
env: node: No such file or directory
env: node: No such file or directory
env: node: No such file or directory
env: node: No such file or directory
env: node: No such file or directory
env: node: No such file or directory
env: node: No such file or directory
env: node: No such file or directory
env: node: No such file or directory
env: node: No such file or directory
env: node: No such file or directory
env: node: No such file or directory
env: node: No such file or directory
env: node: No such file or directory
env: node: No such file or directory
env: node: No such file or directory
env: node: No such file or directory
env: node: No such file or directory
env: node: No such file or directory
env: node: No such file or directory
env: node: No such file or directory
env: node: No such file or directory
env: node: No such file or directory
env: node: No such file or directory
env: node: No such file or directory
env: node: No such file or directory
env: node: No such file or directory
env: node: No such file or directory
env: node: No such file or directory
env: node: No such file or directory
env: node: No such file or directory
env: node: No such file or directory
env: node: No such file or directory
env: node: No such file or directory
env: node: No such file or directory
env: node: No such file or directory
env: node: No such file or directory
env: node: No such file or directory
env: node: No such file or directory
env: node: No such file or directory
env: node: No such file or directory
env: node: No such file or directory
env: node: No such file or directory
env: node: No such file or directory
env: node: No such file or directory
env: node: No such file or directory
env: node: No such file or directory
env: node: No such file or directory
env: node: No such file or directory
env: node: No such file or directory
env: node: No such file or directory
env: node: No such file or directory
env: node: No such file or directory
env: node: No such file or directory
env: node: No such file or directory
env: node: No such file or directory
env: node: No such file or directory
env: node: No such file or directory
env: node: No such file or directory
env: node: No such file or directory
env: node: No such file or directory
env: node: No such file or directory
env: node: No such file or directory
env: node: No such file or directory
env: node: No such file or directory
env: node: No such file or directory
env: node: No such file or directory
env: node: No such file or directory
env: node: No such file or directory
env: node: No such file or directory
env: node: No such file or directory
env: node: No such file or directory
env: node: No such file or directory
env: node: No such file or directory
env: node: No such file or directory
env: node: No such file or directory
env: node: No such file or directory
env: node: No such file or directory
env: node: No such file or directory
env: node: No such file or directory
env: node: No such file or directory
env: node: No such file or directory
env: node: No such file or directory
env: node: No such file or directory
env: node: No such file or directory
env: node: No such file or directory
env: node: No such file or directory
env: node: No such file or directory
env: node: No such file or directory
env: node: No such file or directory
env: node: No such file or directory
env: node: No such file or directory
env: node: No such file or directory
env: node: No such file or directory
env: node: No such file or directory
env: node: No such file or directory
env: node: No such file or directory
env: node: No such file or directory
env: node: No such file or directory
env: node: No such file or directory
env: node: No such file or directory
env: node: No such file or directory
env: node: No such file or directory
env: node: No such file or directory
env: node: No such file or directory
env: node: No such file or directory
env: node: No such file or directory
env: node: No such file or directory
env: node: No such file or directory
env: node: No such file or directory
env: node: No such file or directory
env: node: No such file or directory
env: node: No such file or directory
env: node: No such file or directory
env: node: No such file or directory
env: node: No such file or directory
env: node: No such file or directory
env: node: No such file or directory
env: node: No such file or directory
env: node: No such file or directory
env: node: No such file or directory
env: node: No such file or directory
env: node: No such file or directory
env: node: No such file or directory
env: node: No such file or directory
env: node: No such file or directory
env: node: No such file or directory
env: node: No such file or directory
env: node: No such file or directory
env: node: No such file or directory
env: node: No such file or directory
env: node: No such file or directory
env: node: No such file or directory
env: node: No such file or directory
env: node: No such file or directory
env: node: No such file or directory
env: node: No such file or directory
env: node: No such file or directory
env: node: No such file or directory
env: node: No such file or directory
env: node: No such file or directory
env: node: No such file or directory
env: node: No such file or directory
env: node: No such file or directory
env: node: No such file or directory
env: node: No such file or directory
env: node: No such file or directory
env: node: No such file or directory
env: node: No such file or directory
env: node: No such file or directory
env: node: No such file or directory
env: node: No such file or directory
env: node: No such file or directory
env: node: No such file or directory
env: node: No such file or directory
env: node: No such file or directory
env: node: No such file or directory
env: node: No such file or directory
env: node: No such file or directory
env: node: No such file or directory
env: node: No such file or directory
env: node: No such file or directory
env: node: No such file or directory
env: node: No such file or directory
env: node: No such file or directory
env: node: No such file or directory
env: node: No such file or directory
env: node: No such file or directory
env: node: No such file or directory
env: node: No such file or directory
env: node: No such file or directory
env: node: No such file or directory
env: node: No such file or directory
env: node: No such file or directory
env: node: No such file or directory
env: node: No such file or directory
env: node: No such file or directory
env: node: No such file or directory
env: node: No such file or directory
env: node: No such file or directory
env: node: No such file or directory
env: node: No such file or directory
env: node: No such file or directory
env: node: No such file or directory
env: node: No such file or directory
env: node: No such file or directory
env: node: No such file or directory
env: node: No such file or directory
env: node: No such file or directory
⨯ Error [PrismaClientInitializationError]: `PrismaClient` needs to be constructed with a non-empty, valid `PrismaClientOptions`:

```
new PrismaClient({
  ...
})
```

or

```
constructor() {
  super({ ... });
}
```
          
    at module evaluation (src/lib/prisma.ts:5:49)
    at module evaluation (src/app/api/bookmarks/route.ts:2:1)
    at Object.<anonymous> (.next/dev/server/app/api/bookmarks/route.js:6:3)
  3 | const globalForPrisma = global as unknown as { prisma: PrismaClient }
  4 |
> 5 | export const prisma = globalForPrisma.prisma || new PrismaClient()
    |                                                 ^
  6 |
  7 | if (process.env.NODE_ENV !== 'production') globalForPrisma.prisma = prisma
  8 | {
  clientVersion: '7.8.0',
  errorCode: undefined,
  retryable: undefined,
  page: '/api/bookmarks'
}
⨯ Error [PrismaClientInitializationError]: `PrismaClient` needs to be constructed with a non-empty, valid `PrismaClientOptions`:

```
new PrismaClient({
  ...
})
```

or

```
constructor() {
  super({ ... });
}
```
          
    at module evaluation (src/lib/prisma.ts:5:49)
    at module evaluation (src/app/api/bookmarks/route.ts:2:1)
    at Object.<anonymous> (.next/dev/server/app/api/bookmarks/route.js:6:3)
  3 | const globalForPrisma = global as unknown as { prisma: PrismaClient }
  4 |
> 5 | export const prisma = globalForPrisma.prisma || new PrismaClient()
    |                                                 ^
  6 |
  7 | if (process.env.NODE_ENV !== 'production') globalForPrisma.prisma = prisma
  8 | {
  clientVersion: '7.8.0',
  errorCode: undefined,
  retryable: undefined,
  page: '/api/categories'
}
[browser] SyntaxError: Unexpected token '<', "<!DOCTYPE "... is not valid JSON
SyntaxError: Unexpected token '<', "<!DOCTYPE "... is not valid JSON (src/app/page.tsx:47:15)
[browser] SyntaxError: Unexpected token '<', "<!DOCTYPE "... is not valid JSON
SyntaxError: Unexpected token '<', "<!DOCTYPE "... is not valid JSON (src/app/page.tsx:63:15)
⨯ Error [PrismaClientInitializationError]: `PrismaClient` needs to be constructed with a non-empty, valid `PrismaClientOptions`:

```
new PrismaClient({
  ...
})
```

or

```
constructor() {
  super({ ... });
}
```
          
    at module evaluation (src/lib/prisma.ts:5:49)
    at module evaluation (src/app/api/categories/route.ts:2:1)
    at Object.<anonymous> (.next/dev/server/app/api/categories/route.js:6:3)
  3 | const globalForPrisma = global as unknown as { prisma: PrismaClient }
  4 |
> 5 | export const prisma = globalForPrisma.prisma || new PrismaClient()
    |                                                 ^
  6 |
  7 | if (process.env.NODE_ENV !== 'production') globalForPrisma.prisma = prisma
  8 | {
  clientVersion: '7.8.0',
  errorCode: undefined,
  retryable: undefined,
  page: '/api/categories'
}
⨯ Error [PrismaClientInitializationError]: `PrismaClient` needs to be constructed with a non-empty, valid `PrismaClientOptions`:

```
new PrismaClient({
  ...
})
```

or

```
constructor() {
  super({ ... });
}
```
          
    at module evaluation (src/lib/prisma.ts:5:49)
    at module evaluation (src/app/api/categories/route.ts:2:1)
    at Object.<anonymous> (.next/dev/server/app/api/categories/route.js:6:3)
  3 | const globalForPrisma = global as unknown as { prisma: PrismaClient }
  4 |
> 5 | export const prisma = globalForPrisma.prisma || new PrismaClient()
    |                                                 ^
  6 |
  7 | if (process.env.NODE_ENV !== 'production') globalForPrisma.prisma = prisma
  8 | {
  clientVersion: '7.8.0',
  errorCode: undefined,
  retryable: undefined,
  page: '/api/bookmarks'
}
[browser] SyntaxError: Unexpected token '<', "<!DOCTYPE "... is not valid JSON
SyntaxError: Unexpected token '<', "<!DOCTYPE "... is not valid JSON (src/app/page.tsx:63:15)
[browser] SyntaxError: Unexpected token '<', "<!DOCTYPE "... is not valid JSON
SyntaxError: Unexpected token '<', "<!DOCTYPE "... is not valid JSON (src/app/page.tsx:47:15)
Error: Turbopack build failed with 1 errors:
./src/app
Error: Next.js inferred your workspace root, but it may not be correct.
    We couldn't find the Next.js package (next/package.json) from the project directory: /Users/chaser/code/mark/src/app
     To fix this, set turbopack.root in your Next.js config, or ensure the Next.js package is resolvable from this directory.
    Note: For security and performance reasons, files outside of the project directory will not be compiled.
    See https://nextjs.org/docs/app/api-reference/config/next-config-js/turbopack#root-directory for more information.

    at ignore-listed frames
sh: next: command not found
sh: next: command not found
sh: next: command not found
sh: next: command not found
sh: next: command not found
sh: next: command not found
sh: next: command not found
sh: next: command not found
sh: next: command not found
sh: next: command not found
